<?xml version="1.0" encoding="UTF-8"?><testsuite name="nosetests" tests="17" errors="0" failures="0" skip="0"><testcase classname="calabar.tests.test_tunnels.test_base.TestInvalidTunnel" name="calabar.tests.test_tunnels.test_base.TestInvalidTunnel.test_close_failure" time="0" /><testcase classname="calabar.tests.test_tunnels.test_base.TestInvalidTunnel" name="calabar.tests.test_tunnels.test_base.TestInvalidTunnel.test_isrunning_failure" time="0" /><testcase classname="calabar.tests.test_tunnels.test_base.TestInvalidTunnel" name="calabar.tests.test_tunnels.test_base.TestInvalidTunnel.test_open_fail" time="0" /><testcase classname="calabar.tests.test_tunnels.test_base.TestValidTunnel" name="calabar.tests.test_tunnels.test_base.TestValidTunnel.test_close_already_closed" time="0" /><testcase classname="calabar.tests.test_tunnels.test_base.TestValidTunnel" name="calabar.tests.test_tunnels.test_base.TestValidTunnel.test_close_running" time="0" /><testcase classname="calabar.tests.test_tunnels.test_base.TestValidTunnel" name="calabar.tests.test_tunnels.test_base.TestValidTunnel.test_close_running_force" time="0" /><testcase classname="calabar.tests.test_tunnels.test_base.TestValidTunnel" name="calabar.tests.test_tunnels.test_base.TestValidTunnel.test_isrunning_closed" time="0" /><testcase classname="calabar.tests.test_tunnels.test_base.TestValidTunnel" name="calabar.tests.test_tunnels.test_base.TestValidTunnel.test_isrunning_success" time="0" /><testcase classname="calabar.tests.test_tunnels.test_base.TestValidTunnel" name="calabar.tests.test_tunnels.test_base.TestValidTunnel.test_open_success" time="0" /><testcase classname="calabar.tests.test_tunnels.test_tunnel_manager.TestStartingSingleTunnel" name="calabar.tests.test_tunnels.test_tunnel_manager.TestStartingSingleTunnel.test_close" time="0" /><testcase classname="calabar.tests.test_tunnels.test_tunnel_manager.TestStartingSingleTunnel" name="calabar.tests.test_tunnels.test_tunnel_manager.TestStartingSingleTunnel.test_continue_after_kill" time="0" /><testcase classname="calabar.tests.test_tunnels.test_tunnel_manager.TestStartingSingleTunnel" name="calabar.tests.test_tunnels.test_tunnel_manager.TestStartingSingleTunnel.test_continue_not_started" time="0" /><testcase classname="calabar.tests.test_tunnels.test_tunnel_manager.TestStartingSingleTunnel" name="calabar.tests.test_tunnels.test_tunnel_manager.TestStartingSingleTunnel.test_continue_post_start" time="0" /><testcase classname="calabar.tests.test_tunnels.test_tunnel_manager.TestStartingSingleTunnel" name="calabar.tests.test_tunnels.test_tunnel_manager.TestStartingSingleTunnel.test_start_success" time="0" /><testcase classname="calabar.tests.test_tunnels.test_tunnel_manager.TestStartingSingleTunnel" name="calabar.tests.test_tunnels.test_tunnel_manager.TestStartingSingleTunnel.test_vanilla_continue" time="0" /><testcase classname="calabar.tests.test_tunnels.test_vpnc.TestDefaultTunnelConf" name="calabar.tests.test_tunnels.test_vpnc.TestDefaultTunnelConf.test_cmd_builder" time="0" /><testcase classname="calabar.tests.test_tunnels.test_vpnc.TestDefaultTunnelConf" name="calabar.tests.test_tunnels.test_vpnc.TestDefaultTunnelConf.test_executable" time="0" /></testsuite>